[2025-07-25 17:02:18,049] - INFO:  >>>>>> stage Data Ingestion Stage started <<<<<<
[2025-07-25 17:02:18,103] - INFO:  YAML file config\config.yaml loaded successfully.
[2025-07-25 17:02:18,107] - INFO:  YAML file schema.yaml loaded successfully.
[2025-07-25 17:02:18,110] - INFO:  YAML file params.yaml loaded successfully.
[2025-07-25 17:02:18,111] - INFO:  Created directory: artifacts\data_ingestion
[2025-07-25 17:02:18,143] - INFO:  Data unzipped to artifacts\data_ingestion
[2025-07-25 17:02:18,143] - INFO:  >>>>>> stage Data Ingestion Stage completed <<<<<<
[2025-07-25 17:02:18,147] - INFO:  >>>>>> stage Data Validation Stage started <<<<<<
[2025-07-25 17:02:18,154] - INFO:  YAML file config\config.yaml loaded successfully.
[2025-07-25 17:02:18,158] - INFO:  YAML file schema.yaml loaded successfully.
[2025-07-25 17:02:18,159] - INFO:  YAML file params.yaml loaded successfully.
[2025-07-25 17:02:18,161] - INFO:  Created directory: artifacts/data_validation
[2025-07-25 17:02:18,164] - INFO:  YAML file schema.yaml loaded successfully.
[2025-07-25 17:02:18,331] - INFO:  YAML file saved at artifacts\data_validation\report.yaml
[2025-07-25 17:02:18,331] - INFO:  Data validation passed.
[2025-07-25 17:02:18,331] - INFO:  >>>>>> stage Data Validation Stage completed <<<<<<
[2025-07-25 17:02:18,331] - INFO:  YAML file artifacts\data_validation\report.yaml loaded successfully.
[2025-07-25 17:02:18,331] - INFO:  >>>>>> stage Data Transformation Stage started <<<<<<
[2025-07-25 17:02:18,359] - INFO:  YAML file config\config.yaml loaded successfully.
[2025-07-25 17:02:18,364] - INFO:  YAML file schema.yaml loaded successfully.
[2025-07-25 17:02:18,370] - INFO:  YAML file params.yaml loaded successfully.
[2025-07-25 17:02:18,371] - INFO:  Created directory: artifacts/data_transformation
[2025-07-25 17:02:18,639] - INFO:  Dropped 2500 duplicate rows
[2025-07-25 17:02:18,662] - INFO:  Data cleaned
[2025-07-25 17:02:18,730] - INFO:  Data scaled for features: ['Episode_Length_minutes', 'Host_Popularity_percentage', 'Guest_Popularity_percentage', 'Number_of_Ads', 'Host_Guest_Combo_Popularity', 'Ads_per_Minute', 'Host_to_Guest_Popularity_Ratio', 'Popularity_Difference', 'Length_x_Host_Popularity', 'Length_x_Guest_Popularity', 'Ad_Density_Popularity']
[2025-07-25 17:02:18,992] - INFO:  Data encoded for features: ['Podcast_Name', 'Episode_Title', 'Genre', 'Publication_Day', 'Publication_Time', 'Episode_Sentiment']
[2025-07-25 17:02:20,495] - INFO:  Data split into train and test sets with shapes: (35894, 19), (8974, 19)
[2025-07-25 17:02:20,500] - INFO:  >>>>>> stage Data Transformation Stage completed <<<<<<
[2025-07-25 17:02:20,500] - INFO:  >>>>>> stage Model Training Stage started <<<<<<
[2025-07-25 17:02:20,504] - INFO:  YAML file config\config.yaml loaded successfully.
[2025-07-25 17:02:20,509] - INFO:  YAML file schema.yaml loaded successfully.
[2025-07-25 17:02:20,510] - INFO:  YAML file params.yaml loaded successfully.
[2025-07-25 17:02:20,512] - INFO:  Created directory: artifacts/model_training
[2025-07-25 17:02:21,004] - INFO:  Model Summary: None
[2025-07-25 17:03:14,655] - INFO:  Training History: {'RootMeanSquaredError': [25.32211685180664, 21.893238067626953, 21.573963165283203, 18.471797943115234, 17.925411224365234, 17.512601852416992, 17.214540481567383, 17.07569694519043, 17.0916748046875, 17.107881546020508, 17.071287155151367, 16.85799789428711, 16.813201904296875, 16.82438850402832, 16.694318771362305, 16.580585479736328, 16.562177658081055, 16.455656051635742, 16.449512481689453, 16.34244155883789, 16.314899444580078, 16.217981338500977, 16.100929260253906, 16.16240692138672, 15.988358497619629, 16.00969886779785, 15.994467735290527, 15.73711109161377, 15.735685348510742, 15.719965934753418, 15.752574920654297, 15.73394775390625, 15.723546028137207, 15.685213088989258, 15.578670501708984, 15.604471206665039, 15.557360649108887, 15.551314353942871, 15.539565086364746, 15.516894340515137, 15.492765426635742, 15.544975280761719, 15.45473861694336, 15.384599685668945, 15.472105979919434, 15.353201866149902, 15.421630859375, 15.398454666137695, 15.45991039276123, 15.325506210327148, 15.382308006286621], 'loss': [641.2095947265625, 479.3138732910156, 465.4358825683594, 341.20733642578125, 321.32037353515625, 306.69122314453125, 296.3404235839844, 291.57940673828125, 292.1253662109375, 292.6795959472656, 291.4288330078125, 284.19207763671875, 282.68377685546875, 283.0600280761719, 278.70025634765625, 274.9158020019531, 274.30572509765625, 270.7886047363281, 270.58648681640625, 267.0754089355469, 266.1759338378906, 263.02288818359375, 259.2398986816406, 261.223388671875, 255.62759399414062, 256.3104553222656, 255.82301330566406, 247.65667724609375, 247.61180114746094, 247.11734008789062, 248.14361572265625, 247.55711364746094, 247.2299041748047, 246.02590942382812, 242.69496154785156, 243.49952697753906, 242.03147888183594, 241.84336853027344, 241.4780731201172, 240.7740020751953, 240.02577209472656, 241.64627075195312, 238.84893798828125, 236.6859130859375, 239.38607788085938, 235.72080993652344, 237.8267059326172, 237.11241149902344, 239.0088348388672, 234.87115478515625, 236.6154022216797], 'val_RootMeanSquaredError': [16.839284896850586, 15.179670333862305, 13.962215423583984, 14.059609413146973, 14.389646530151367, 15.209457397460938, 13.991678237915039, 14.503619194030762, 14.274599075317383, 13.963578224182129, 14.275593757629395, 14.266800880432129, 14.033447265625, 13.949563026428223, 14.058361053466797, 14.158551216125488, 15.131135940551758, 14.184709548950195, 14.164030075073242, 14.092499732971191, 13.864015579223633, 14.0480375289917, 14.093962669372559, 13.986039161682129, 13.961054801940918, 13.92943286895752, 14.594390869140625, 13.933974266052246, 13.931252479553223, 15.089360237121582, 14.004432678222656, 13.899310111999512, 13.971257209777832, 13.928267478942871, 14.092856407165527, 14.296676635742188, 14.066739082336426, 14.270798683166504, 14.02985668182373, 14.329535484313965, 13.94687557220459, 14.056687355041504, 14.031022071838379, 14.174612998962402, 13.97523021697998, 14.146561622619629, 14.201337814331055, 14.082365989685059, 14.184048652648926, 14.007838249206543, 14.11384105682373], 'val_loss': [283.5615234375, 230.42237854003906, 194.94345092773438, 197.672607421875, 207.0619354248047, 231.32760620117188, 195.76705932617188, 210.35496520996094, 203.76419067382812, 194.98150634765625, 203.79258728027344, 203.54161071777344, 196.93765258789062, 194.59031677246094, 197.63751220703125, 200.46458435058594, 228.95126342773438, 201.2059783935547, 200.61973571777344, 198.5985565185547, 192.2109375, 197.3473663330078, 198.63978576660156, 195.6092987060547, 194.9110565185547, 194.0290985107422, 212.99624633789062, 194.1556396484375, 194.0797882080078, 227.6887969970703, 196.12413024902344, 193.19082641601562, 195.19602966308594, 193.99664306640625, 198.60861206054688, 204.39495849609375, 197.87313842773438, 203.6556854248047, 196.83688354492188, 205.33558654785156, 194.5153350830078, 197.5904541015625, 196.8695831298828, 200.91966247558594, 195.30706787109375, 200.12521362304688, 201.67799377441406, 198.3130340576172, 201.18722534179688, 196.21954345703125, 199.20050048828125]}
[2025-07-25 17:03:14,659] - WARNING:  You are saving your model as an HDF5 file via `model.save()` or `keras.saving.save_model(model)`. This file format is considered legacy. We recommend using instead the native Keras format, e.g. `model.save('my_model.keras')` or `keras.saving.save_model(model, 'my_model.keras')`. 
[2025-07-25 17:03:14,724] - INFO:  >>>>>> stage Model Training Stage completed <<<<<<
[2025-07-25 17:03:14,724] - INFO:  >>>>>> stage Model Evaluation Stage started <<<<<<
[2025-07-25 17:03:14,733] - INFO:  YAML file config\config.yaml loaded successfully.
[2025-07-25 17:03:14,737] - INFO:  YAML file schema.yaml loaded successfully.
[2025-07-25 17:03:14,738] - INFO:  YAML file params.yaml loaded successfully.
[2025-07-25 17:03:14,740] - INFO:  Created directory: artifacts/model_evaluation
[2025-07-25 17:03:14,844] - WARNING:  Compiled the loaded model, but the compiled metrics have yet to be built. `model.compile_metrics` will be empty until you train or evaluate the model.
[2025-07-25 17:03:15,756] - INFO:  Model evaluation metrics: {'loss': 192.2110137939453, 'RootMeanSquaredError': 13.864018440246582}
[2025-07-25 17:03:15,764] - INFO:  >>>>>> stage Model Evaluation Stage completed <<<<<<
